\BOOKMARK [1][-]{section.1}{\376\377\225\356\230\230\221\315\217\360}{}% 1
\BOOKMARK [2][-]{subsection.1.1}{\376\377\225\356\230\230\200\314\146\157}{section.1}% 2
\BOOKMARK [2][-]{subsection.1.2}{\376\377\135\362\167\345\147\141\116\366}{section.1}% 3
\BOOKMARK [3][-]{subsubsection.1.2.1}{\376\377\117\134\142\030\163\257\130\203}{subsection.1.2}% 4
\BOOKMARK [3][-]{subsubsection.1.2.2}{\376\377\122\035\131\313\117\115\177\156}{subsection.1.2}% 5
\BOOKMARK [3][-]{subsubsection.1.2.3}{\376\377\121\163\225\056\123\302\145\160}{subsection.1.2}% 6
\BOOKMARK [2][-]{subsection.1.3}{\376\377\116\224\116\052\133\120\225\356\230\230}{section.1}% 7
\BOOKMARK [1][-]{section.2}{\376\377\225\356\230\230\122\006\147\220}{}% 8
\BOOKMARK [2][-]{subsection.2.1}{\376\377\150\070\137\303\162\151\164\006\217\307\172\013\122\006\147\220}{section.2}% 9
\BOOKMARK [2][-]{subsection.2.2}{\376\377\220\156\205\075\147\141\116\366\166\204\121\340\117\125\147\054\215\050}{section.2}% 10
\BOOKMARK [2][-]{subsection.2.3}{\376\377\167\037\166\356\150\007\166\204\121\340\117\125\131\004\164\006}{section.2}% 11
\BOOKMARK [1][-]{section.3}{\376\377\152\041\127\213\120\107\213\276}{}% 12
\BOOKMARK [1][-]{section.4}{\376\377\173\046\123\367\213\364\146\016}{}% 13
\BOOKMARK [1][-]{section.5}{\376\377\152\041\127\213\136\372\172\313}{}% 14
\BOOKMARK [2][-]{subsection.5.1}{\376\377\127\120\150\007\174\373\136\372\172\313}{section.5}% 15
\BOOKMARK [2][-]{subsection.5.2}{\376\377\133\374\137\071\217\320\122\250\152\041\127\213}{section.5}% 16
\BOOKMARK [2][-]{subsection.5.3}{\376\377\145\340\116\272\147\072\217\320\122\250\152\041\127\213}{section.5}% 17
\BOOKMARK [2][-]{subsection.5.4}{\376\377\160\337\136\125\136\162\142\160\137\071\217\320\122\250\152\041\127\213}{section.5}% 18
\BOOKMARK [3][-]{subsubsection.5.4.1}{\376\377\142\225\145\076\160\271\213\241\173\227}{subsection.5.4}% 19
\BOOKMARK [3][-]{subsubsection.5.4.2}{\376\377\142\233\117\123\217\320\122\250\152\041\127\213}{subsection.5.4}% 20
\BOOKMARK [3][-]{subsubsection.5.4.3}{\376\377\215\167\162\006\160\271\213\241\173\227}{subsection.5.4}% 21
\BOOKMARK [3][-]{subsubsection.5.4.4}{\376\377\116\221\126\342\217\320\122\250\152\041\127\213}{subsection.5.4}% 22
\BOOKMARK [2][-]{subsection.5.5}{\376\377\147\011\145\110\220\156\205\075\147\141\116\366\152\041\127\213}{section.5}% 23
\BOOKMARK [3][-]{subsubsection.5.5.1}{\376\377\220\156\205\075\121\340\117\125\122\006\147\220}{subsection.5.5}% 24
\BOOKMARK [3][-]{subsubsection.5.5.2}{\376\377\160\271\122\060\176\277\153\265\215\335\171\273\213\241\173\227}{subsection.5.5}% 25
\BOOKMARK [3][-]{subsubsection.5.5.3}{\376\377\147\011\145\110\220\156\205\075\122\044\143\156}{subsection.5.5}% 26
\BOOKMARK [3][-]{subsubsection.5.5.4}{\376\377\200\003\206\121\127\006\147\361\117\123\166\356\150\007\166\204\174\276\170\156\152\041\127\213}{subsection.5.5}% 27
\BOOKMARK [2][-]{subsection.5.6}{\376\377\117\030\123\026\166\356\150\007\121\375\145\160}{section.5}% 28
\BOOKMARK [3][-]{subsubsection.5.6.1}{\376\377\123\125\137\071\220\156\205\075\145\366\225\177}{subsection.5.6}% 29
\BOOKMARK [3][-]{subsubsection.5.6.2}{\376\377\131\032\137\071\200\124\124\010\220\156\205\075\145\366\225\177}{subsection.5.6}% 30
\BOOKMARK [3][-]{subsubsection.5.6.3}{\376\377\131\032\133\374\137\071\200\124\124\010\220\156\205\075}{subsection.5.6}% 31
\BOOKMARK [1][-]{section.6}{\376\377\152\041\127\213\154\102\211\343}{}% 32
\BOOKMARK [2][-]{subsection.6.1}{\376\377\225\356\230\230\0001\154\102\211\343}{section.6}% 33
\BOOKMARK [3][-]{subsubsection.6.1.1}{\376\377\135\362\167\345\147\141\116\366}{subsection.6.1}% 34
\BOOKMARK [3][-]{subsubsection.6.1.2}{\376\377\220\020\153\145\213\241\173\227}{subsection.6.1}% 35
\BOOKMARK [3][-]{subsubsection.6.1.3}{\376\377\225\356\230\230\0001\176\323\147\234\154\107\140\073}{subsection.6.1}% 36
\BOOKMARK [3][-]{subsubsection.6.1.4}{\376\377\225\356\230\230\0001\176\323\147\234\123\357\211\306\123\026}{subsection.6.1}% 37
\BOOKMARK [2][-]{subsection.6.2}{\376\377\225\356\230\230\0002\154\102\211\343}{section.6}% 38
\BOOKMARK [3][-]{subsubsection.6.2.1}{\376\377\117\030\123\026\152\041\127\213}{subsection.6.2}% 39
\BOOKMARK [3][-]{subsubsection.6.2.2}{\376\377\174\222\133\120\177\244\117\030\123\026\173\227\154\325\377\010\000P\000S\000O\377\011}{subsection.6.2}% 40
\BOOKMARK [3][-]{subsubsection.6.2.3}{\376\377\145\066\145\133\140\047\122\006\147\220}{subsection.6.2}% 41
\BOOKMARK [3][-]{subsubsection.6.2.4}{\376\377\225\356\230\230\0002\176\323\147\234}{subsection.6.2}% 42
\BOOKMARK [2][-]{subsection.6.3}{\376\377\225\356\230\230\0003\154\102\211\343}{section.6}% 43
\BOOKMARK [3][-]{subsubsection.6.3.1}{\376\377\117\030\123\026\152\041\127\213}{subsection.6.3}% 44
\BOOKMARK [3][-]{subsubsection.6.3.2}{\376\377\154\102\211\343\173\126\165\145}{subsection.6.3}% 45
\BOOKMARK [3][-]{subsubsection.6.3.3}{\376\377\225\356\230\230\0003\176\323\147\234}{subsection.6.3}% 46
\BOOKMARK [2][-]{subsection.6.4}{\376\377\225\356\230\230\0004\154\102\211\343}{section.6}% 47
\BOOKMARK [3][-]{subsubsection.6.4.1}{\376\377\117\030\123\026\152\041\127\213}{subsection.6.4}% 48
\BOOKMARK [3][-]{subsubsection.6.4.2}{\376\377\154\102\211\343\173\126\165\145}{subsection.6.4}% 49
\BOOKMARK [3][-]{subsubsection.6.4.3}{\376\377\225\356\230\230\0004\176\323\147\234}{subsection.6.4}% 50
\BOOKMARK [2][-]{subsection.6.5}{\376\377\225\356\230\230\0005\154\102\211\343}{section.6}% 51
\BOOKMARK [3][-]{subsubsection.6.5.1}{\376\377\225\356\230\230\211\304\152\041\122\006\147\220}{subsection.6.5}% 52
\BOOKMARK [3][-]{subsubsection.6.5.2}{\376\377\122\006\134\102\117\030\123\026\173\126\165\145}{subsection.6.5}% 53
\BOOKMARK [3][-]{subsubsection.6.5.3}{\376\377\225\356\230\230\0005\176\323\147\234}{subsection.6.5}% 54
\BOOKMARK [1][-]{section.7}{\376\377\176\323\147\234\154\107\140\073\116\016\133\371\153\324\122\006\147\220}{}% 55
\BOOKMARK [2][-]{subsection.7.1}{\376\377\124\004\225\356\230\230\176\323\147\234\154\107\140\073}{section.7}% 56
\BOOKMARK [2][-]{subsection.7.2}{\376\377\176\323\147\234\122\006\147\220}{section.7}% 57
\BOOKMARK [1][-]{section.8}{\376\377\160\165\145\117\136\246\122\006\147\220}{}% 58
\BOOKMARK [2][-]{subsection.8.1}{\376\377\122\006\147\220\123\302\145\160\116\016\145\271\154\325}{section.8}% 59
\BOOKMARK [2][-]{subsection.8.2}{\376\377\160\165\145\117\136\246\122\006\147\220\176\323\147\234}{section.8}% 60
\BOOKMARK [2][-]{subsection.8.3}{\376\377\160\165\145\117\136\246\122\006\147\220\145\160\143\156}{section.8}% 61
\BOOKMARK [2][-]{subsection.8.4}{\376\377\160\165\145\117\136\246\122\006\147\220\176\323\213\272}{section.8}% 62
\BOOKMARK [1][-]{section.9}{\376\377\152\041\127\213\213\304\116\367\116\016\145\071\217\333}{}% 63
\BOOKMARK [2][-]{subsection.9.1}{\376\377\152\041\127\213\117\030\160\271}{section.9}% 64
\BOOKMARK [2][-]{subsection.9.2}{\376\377\152\041\127\213\177\072\160\271}{section.9}% 65
\BOOKMARK [2][-]{subsection.9.3}{\376\377\145\071\217\333\145\271\124\021}{section.9}% 66
\BOOKMARK [1][-]{section.A}{\376\377\226\104\137\125}{}% 67
\BOOKMARK [2][-]{subsection.A.1}{\376\377\226\104\137\125\000A\377\032\150\070\137\303\000P\000y\000t\000h\000o\000n\116\343\170\001}{section.A}% 68
